<<<<<<< HEAD
2018-02-17 04:14:10  ---  LOG  ---  Starting...
2018-02-17 04:14:10  ---  LOG  ---  Loading settings...
2018-02-17 04:14:10  ---  LOG  ---  Loading bindings...
2018-02-17 04:14:10  ---  LOG  ---  Initializing PyGame library...
2018-02-17 04:14:11  ---  LOG  ---  PyGame library initialized!
2018-02-17 04:14:11  ---  LOG  ---  Initializing resources...
2018-02-17 04:14:11  ---  LOG  ---  Loaded graphics 'arrow-dunk'
2018-02-17 04:14:11  ---  LOG  ---  Loaded graphics 'blade-fall'
2018-02-17 04:14:11  ---  LOG  ---  Loaded graphics 'bowman'
2018-02-17 04:14:11  ---  LOG  ---  Loaded sound 'wauw'
2018-02-17 04:14:11  ---  LOG  ---  Ready!
=======
2018-02-17 04:14:10  ---  LOG  ---  Starting...
2018-02-17 04:14:10  ---  LOG  ---  Loading settings...
2018-02-17 04:14:10  ---  LOG  ---  Loading bindings...
2018-02-17 04:14:10  ---  LOG  ---  Initializing PyGame library...
2018-02-17 04:14:11  ---  LOG  ---  PyGame library initialized!
2018-02-17 04:14:11  ---  LOG  ---  Initializing resources...
2018-02-17 04:14:11  ---  LOG  ---  Loaded graphics 'arrow-dunk'
2018-02-17 04:14:11  ---  LOG  ---  Loaded graphics 'blade-fall'
2018-02-17 04:14:11  ---  LOG  ---  Loaded graphics 'bowman'
2018-02-17 04:14:11  ---  LOG  ---  Loaded sound 'wauw'
2018-02-17 04:14:11  ---  LOG  ---  Ready!
>>>>>>> fixes? i guess?
