2018-02-18 03:52:01  ---  LOG  ---  Starting...
2018-02-18 03:52:01  ---  LOG  ---  Loading settings...
2018-02-18 03:52:01  ---  LOG  ---  Loading bindings...
2018-02-18 03:52:01  ---  LOG  ---  Initializing PyGame library...
2018-02-18 03:52:02  ---  LOG  ---  PyGame library initialized!
2018-02-18 03:52:02  ---  LOG  ---  Initializing resources...
2018-02-18 03:52:02  ---  LOG  ---  Loaded graphics 'arrow-dunk'
2018-02-18 03:52:02  ---  LOG  ---  Loaded graphics 'blade-fall'
2018-02-18 03:52:02  ---  LOG  ---  Loaded graphics 'bowman'
2018-02-18 03:52:02  ---  LOG  ---  Loaded sound 'wauw'
2018-02-18 03:52:02  ---  LOG  ---  Ready!
2018-02-18 04:19:03  ---  LOG  ---  Starting...
2018-02-18 04:19:03  ---  LOG  ---  Loading settings...
2018-02-18 04:19:03  ---  LOG  ---  Loading bindings...
2018-02-18 04:19:03  ---  LOG  ---  Initializing PyGame library...
2018-02-18 04:19:03  ---  LOG  ---  PyGame library initialized!
2018-02-18 04:19:03  ---  LOG  ---  Initializing resources...
2018-02-18 04:19:03  ---  LOG  ---  Loaded graphics 'arrow-dunk'
2018-02-18 04:19:03  ---  LOG  ---  Loaded graphics 'blade-fall'
2018-02-18 04:19:03  ---  LOG  ---  Loaded graphics 'bowman'
2018-02-18 04:19:03  ---  LOG  ---  Loaded sound 'wauw'
2018-02-18 04:19:03  ---  LOG  ---  Ready!
2018-02-18 04:37:58  ---  LOG  ---  Starting...
2018-02-18 04:37:58  ---  LOG  ---  Loading settings...
2018-02-18 04:37:58  ---  LOG  ---  Loading bindings...
2018-02-18 04:37:58  ---  LOG  ---  Initializing PyGame library...
2018-02-18 04:37:59  ---  LOG  ---  PyGame library initialized!
2018-02-18 04:37:59  ---  LOG  ---  Initializing resources...
2018-02-18 04:37:59  ---  LOG  ---  Loaded graphics 'arrow-dunk'
2018-02-18 04:37:59  ---  LOG  ---  Loaded graphics 'blade-fall'
2018-02-18 04:37:59  ---  LOG  ---  Loaded graphics 'bowman'
2018-02-18 04:37:59  ---  LOG  ---  Loaded graphics 'tile'
2018-02-18 04:37:59  ---  LOG  ---  Loaded sound 'wauw'
2018-02-18 04:37:59  ---  LOG  ---  Ready!
2018-02-18 04:39:33  ---  LOG  ---  Starting...
2018-02-18 04:39:33  ---  LOG  ---  Loading settings...
2018-02-18 04:39:33  ---  LOG  ---  Loading bindings...
2018-02-18 04:39:33  ---  LOG  ---  Initializing PyGame library...
2018-02-18 04:39:34  ---  LOG  ---  PyGame library initialized!
2018-02-18 04:39:34  ---  LOG  ---  Initializing resources...
2018-02-18 04:39:34  ---  LOG  ---  Loaded graphics 'arrow-dunk'
2018-02-18 04:39:34  ---  LOG  ---  Loaded graphics 'blade-fall'
2018-02-18 04:39:34  ---  LOG  ---  Loaded graphics 'bowman'
2018-02-18 04:39:34  ---  LOG  ---  Loaded graphics 'tile'
2018-02-18 04:39:34  ---  LOG  ---  Loaded sound 'wauw'
2018-02-18 04:42:49  ---  LOG  ---  Starting...
2018-02-18 04:42:49  ---  LOG  ---  Loading settings...
2018-02-18 04:42:49  ---  LOG  ---  Loading bindings...
2018-02-18 04:42:49  ---  LOG  ---  Initializing PyGame library...
2018-02-18 04:42:50  ---  LOG  ---  PyGame library initialized!
2018-02-18 04:42:50  ---  LOG  ---  Initializing resources...
2018-02-18 04:42:50  ---  LOG  ---  Loaded graphics 'arrow-dunk'
2018-02-18 04:42:50  ---  LOG  ---  Loaded graphics 'blade-fall'
2018-02-18 04:42:50  ---  LOG  ---  Loaded graphics 'bowman'
2018-02-18 04:42:50  ---  LOG  ---  Loaded graphics 'tile'
2018-02-18 04:42:50  ---  LOG  ---  Loaded sound 'wauw'
2018-02-18 04:45:02  ---  LOG  ---  Starting...
2018-02-18 04:45:02  ---  LOG  ---  Loading settings...
2018-02-18 04:45:02  ---  LOG  ---  Loading bindings...
2018-02-18 04:45:02  ---  LOG  ---  Initializing PyGame library...
2018-02-18 04:45:03  ---  LOG  ---  PyGame library initialized!
2018-02-18 04:45:03  ---  LOG  ---  Initializing resources...
2018-02-18 04:45:03  ---  LOG  ---  Loaded graphics 'arrow-dunk'
2018-02-18 04:45:03  ---  LOG  ---  Loaded graphics 'blade-fall'
2018-02-18 04:45:03  ---  LOG  ---  Loaded graphics 'bowman'
2018-02-18 04:45:03  ---  LOG  ---  Loaded graphics 'tile'
2018-02-18 04:45:03  ---  LOG  ---  Loaded sound 'wauw'
2018-02-18 04:45:03  ---  LOG  ---  Ready!
2018-02-18 04:45:18  ---  LOG  ---  Starting...
2018-02-18 04:45:18  ---  LOG  ---  Loading settings...
2018-02-18 04:45:18  ---  LOG  ---  Loading bindings...
2018-02-18 04:45:18  ---  LOG  ---  Initializing PyGame library...
2018-02-18 04:45:19  ---  LOG  ---  PyGame library initialized!
2018-02-18 04:45:19  ---  LOG  ---  Initializing resources...
2018-02-18 04:45:19  ---  LOG  ---  Loaded graphics 'arrow-dunk'
2018-02-18 04:45:19  ---  LOG  ---  Loaded graphics 'blade-fall'
2018-02-18 04:45:19  ---  LOG  ---  Loaded graphics 'bowman'
2018-02-18 04:45:19  ---  LOG  ---  Loaded graphics 'tile'
2018-02-18 04:45:19  ---  LOG  ---  Loaded sound 'wauw'
2018-02-18 04:45:19  ---  LOG  ---  Ready!
2018-02-18 04:56:16  ---  LOG  ---  Starting...
2018-02-18 04:56:16  ---  LOG  ---  Loading settings...
2018-02-18 04:56:16  ---  LOG  ---  Loading bindings...
2018-02-18 04:56:16  ---  LOG  ---  Initializing PyGame library...
2018-02-18 04:56:17  ---  LOG  ---  PyGame library initialized!
2018-02-18 04:56:17  ---  LOG  ---  Initializing resources...
2018-02-18 04:56:17  ---  LOG  ---  Loaded graphics 'arrow-dunk'
2018-02-18 04:56:17  ---  LOG  ---  Loaded graphics 'blade-fall'
2018-02-18 04:56:17  ---  LOG  ---  Loaded graphics 'bowman'
2018-02-18 04:56:17  ---  LOG  ---  Loaded graphics 'tile'
2018-02-18 04:56:17  ---  LOG  ---  Loaded sound 'wauw'
2018-02-18 04:56:17  ---  LOG  ---  Ready!
2018-02-18 04:56:46  ---  LOG  ---  Starting...
2018-02-18 04:56:46  ---  LOG  ---  Loading settings...
2018-02-18 04:56:46  ---  LOG  ---  Loading bindings...
2018-02-18 04:56:46  ---  LOG  ---  Initializing PyGame library...
2018-02-18 04:56:47  ---  LOG  ---  PyGame library initialized!
2018-02-18 04:56:47  ---  LOG  ---  Initializing resources...
2018-02-18 04:56:47  ---  LOG  ---  Loaded graphics 'arrow-dunk'
2018-02-18 04:56:47  ---  LOG  ---  Loaded graphics 'blade-fall'
2018-02-18 04:56:47  ---  LOG  ---  Loaded graphics 'bowman'
2018-02-18 04:56:47  ---  LOG  ---  Loaded graphics 'tile'
2018-02-18 04:56:47  ---  LOG  ---  Loaded sound 'wauw'
2018-02-18 04:56:47  ---  LOG  ---  Ready!
2018-02-18 04:57:02  ---  LOG  ---  Starting...
2018-02-18 04:57:02  ---  LOG  ---  Loading settings...
2018-02-18 04:57:02  ---  LOG  ---  Loading bindings...
2018-02-18 04:57:02  ---  LOG  ---  Initializing PyGame library...
2018-02-18 04:57:02  ---  LOG  ---  PyGame library initialized!
2018-02-18 04:57:02  ---  LOG  ---  Initializing resources...
2018-02-18 04:57:02  ---  LOG  ---  Loaded graphics 'arrow-dunk'
2018-02-18 04:57:02  ---  LOG  ---  Loaded graphics 'blade-fall'
2018-02-18 04:57:02  ---  LOG  ---  Loaded graphics 'bowman'
2018-02-18 04:57:02  ---  LOG  ---  Loaded graphics 'tile'
2018-02-18 04:57:02  ---  LOG  ---  Loaded sound 'wauw'
2018-02-18 04:57:02  ---  LOG  ---  Ready!
2018-02-18 13:38:52  ---  LOG  ---  Starting...
2018-02-18 13:38:52  ---  LOG  ---  Loading settings...
2018-02-18 13:38:52  ---  LOG  ---  Loading bindings...
2018-02-18 13:38:52  ---  LOG  ---  Initializing PyGame library...
2018-02-18 13:38:53  ---  LOG  ---  PyGame library initialized!
2018-02-18 13:38:53  ---  LOG  ---  Initializing resources...
2018-02-18 13:38:53  ---  LOG  ---  Loaded graphics 'arrow-dunk'
2018-02-18 13:38:53  ---  LOG  ---  Loaded graphics 'blade-fall'
2018-02-18 13:38:53  ---  LOG  ---  Loaded graphics 'bowman'
2018-02-18 13:38:53  ---  LOG  ---  Loaded graphics 'tile'
2018-02-18 13:38:53  ---  LOG  ---  Loaded sound 'wauw'
2018-02-18 13:38:53  ---  LOG  ---  Ready!
